<?xml version="1.0" encoding="UTF-8"?>
<coverage generated="1676644721060" clover="3.2.0">
  <project timestamp="1676644721061" name="All files">
    <metrics statements="5" coveredstatements="5" conditionals="2" coveredconditionals="2" methods="4" coveredmethods="4" elements="11" coveredelements="11" complexity="0" loc="5" ncloc="5" packages="2" files="2" classes="2"/>
    <package name="lib.classNames">
      <metrics statements="3" coveredstatements="3" conditionals="2" coveredconditionals="2" methods="3" coveredmethods="3"/>
      <file name="classNames.ts" path="C:\Users\d.balyaev\Desktop\dp-blog\src\07-shared\lib\classNames\classNames.ts">
        <metrics statements="3" coveredstatements="3" conditionals="2" coveredconditionals="2" methods="3" coveredmethods="3"/>
        <line num="4" count="6" type="stmt"/>
        <line num="8" count="6" type="stmt"/>
        <line num="9" count="4" type="stmt"/>
      </file>
    </package>
    <package name="ui.Button">
      <metrics statements="2" coveredstatements="2" conditionals="0" coveredconditionals="0" methods="1" coveredmethods="1"/>
      <file name="Button.tsx" path="C:\Users\d.balyaev\Desktop\dp-blog\src\07-shared\ui\Button\Button.tsx">
        <metrics statements="2" coveredstatements="2" conditionals="0" coveredconditionals="0" methods="1" coveredmethods="1"/>
        <line num="12" count="1" type="stmt"/>
        <line num="18" count="1" type="stmt"/>
      </file>
    </package>
  </project>
</coverage>
