{"C:\\Users\\d.balyaev\\Desktop\\dp-blog\\src\\07-shared\\lib\\classNames\\classNames.ts": {"path":"C:\\Users\\d.balyaev\\Desktop\\dp-blog\\src\\07-shared\\lib\\classNames\\classNames.ts","statementMap":{"0":{"start":{"line":4,"column":4},"end":{"line":11,"column":19}},"1":{"start":{"line":8,"column":36},"end":{"line":8,"column":50}},"2":{"start":{"line":9,"column":34},"end":{"line":9,"column":43}}},"fnMap":{"0":{"name":"classNames","decl":{"start":{"line":3,"column":16},"end":{"line":3,"column":26}},"loc":{"start":{"line":3,"column":92},"end":{"line":12,"column":1}},"line":3},"1":{"name":"(anonymous_1)","decl":{"start":{"line":8,"column":20},"end":{"line":8,"column":21}},"loc":{"start":{"line":8,"column":36},"end":{"line":8,"column":50}},"line":8},"2":{"name":"(anonymous_2)","decl":{"start":{"line":9,"column":17},"end":{"line":9,"column":18}},"loc":{"start":{"line":9,"column":34},"end":{"line":9,"column":43}},"line":9}},"branchMap":{"0":{"loc":{"start":{"line":3,"column":40},"end":{"line":3,"column":55}},"type":"default-arg","locations":[{"start":{"line":3,"column":53},"end":{"line":3,"column":55}}],"line":3},"1":{"loc":{"start":{"line":3,"column":57},"end":{"line":3,"column":82}},"type":"default-arg","locations":[{"start":{"line":3,"column":80},"end":{"line":3,"column":82}}],"line":3}},"s":{"0":20,"1":78,"2":25},"f":{"0":20,"1":78,"2":25},"b":{"0":[1],"1":[1]},"_coverageSchema":"1a1c01bbd47fc00a2c39e90264f33305004495a9","hash":"df6c4d2a3c67eaeb976be6bd22312c644b9a807a"}
,"C:\\Users\\d.balyaev\\Desktop\\dp-blog\\src\\07-shared\\lib\\testsHelpers\\withMemoryRouter.tsx": {"path":"C:\\Users\\d.balyaev\\Desktop\\dp-blog\\src\\07-shared\\lib\\testsHelpers\\withMemoryRouter.tsx","statementMap":{"0":{"start":{"line":4,"column":32},"end":{"line":8,"column":1}},"1":{"start":{"line":5,"column":4},"end":{"line":7,"column":19}}},"fnMap":{"0":{"name":"(anonymous_0)","decl":{"start":{"line":4,"column":32},"end":{"line":4,"column":33}},"loc":{"start":{"line":5,"column":4},"end":{"line":7,"column":19}},"line":5}},"branchMap":{},"s":{"0":1,"1":2},"f":{"0":2},"b":{},"_coverageSchema":"1a1c01bbd47fc00a2c39e90264f33305004495a9","hash":"90c597f9326611a036323ac5b1bcf1925cdfbcab"}
,"C:\\Users\\d.balyaev\\Desktop\\dp-blog\\src\\07-shared\\ui\\AppNavLink\\AppNavLink.tsx": {"path":"C:\\Users\\d.balyaev\\Desktop\\dp-blog\\src\\07-shared\\ui\\AppNavLink\\AppNavLink.tsx","statementMap":{"0":{"start":{"line":11,"column":44},"end":{"line":31,"column":1}},"1":{"start":{"line":17,"column":8},"end":{"line":17,"column":13}},"2":{"start":{"line":19,"column":4},"end":{"line":30,"column":6}},"3":{"start":{"line":23,"column":41},"end":{"line":25,"column":27}}},"fnMap":{"0":{"name":"(anonymous_0)","decl":{"start":{"line":11,"column":44},"end":{"line":11,"column":45}},"loc":{"start":{"line":11,"column":55},"end":{"line":31,"column":1}},"line":11},"1":{"name":"(anonymous_1)","decl":{"start":{"line":23,"column":23},"end":{"line":23,"column":24}},"loc":{"start":{"line":23,"column":41},"end":{"line":25,"column":27}},"line":23}},"branchMap":{},"s":{"0":1,"1":2,"2":2,"3":2},"f":{"0":2,"1":2},"b":{},"_coverageSchema":"1a1c01bbd47fc00a2c39e90264f33305004495a9","hash":"8455d08631c551f172fea7219ed2e91ebeb64049"}
,"C:\\Users\\d.balyaev\\Desktop\\dp-blog\\src\\07-shared\\ui\\Button\\Button.tsx": {"path":"C:\\Users\\d.balyaev\\Desktop\\dp-blog\\src\\07-shared\\ui\\Button\\Button.tsx","statementMap":{"0":{"start":{"line":16,"column":22},"end":{"line":47,"column":1}},"1":{"start":{"line":26,"column":4},"end":{"line":46,"column":13}}},"fnMap":{"0":{"name":"(anonymous_0)","decl":{"start":{"line":16,"column":22},"end":{"line":16,"column":23}},"loc":{"start":{"line":26,"column":4},"end":{"line":46,"column":13}},"line":26}},"branchMap":{"0":{"loc":{"start":{"line":17,"column":4},"end":{"line":17,"column":20}},"type":"default-arg","locations":[{"start":{"line":17,"column":15},"end":{"line":17,"column":20}}],"line":17},"1":{"loc":{"start":{"line":18,"column":4},"end":{"line":18,"column":20}},"type":"default-arg","locations":[{"start":{"line":18,"column":11},"end":{"line":18,"column":20}}],"line":18},"2":{"loc":{"start":{"line":19,"column":4},"end":{"line":19,"column":19}},"type":"default-arg","locations":[{"start":{"line":19,"column":11},"end":{"line":19,"column":19}}],"line":19}},"s":{"0":1,"1":8},"f":{"0":8},"b":{"0":[7],"1":[4],"2":[6]},"_coverageSchema":"1a1c01bbd47fc00a2c39e90264f33305004495a9","hash":"fe50ac37bc4d843b94774cb9ce60a652023da3c1"}
,"C:\\Users\\d.balyaev\\Desktop\\dp-blog\\src\\07-shared\\ui\\Loader\\Loader.tsx": {"path":"C:\\Users\\d.balyaev\\Desktop\\dp-blog\\src\\07-shared\\ui\\Loader\\Loader.tsx","statementMap":{"0":{"start":{"line":8,"column":22},"end":{"line":15,"column":1}},"1":{"start":{"line":9,"column":4},"end":{"line":14,"column":10}}},"fnMap":{"0":{"name":"(anonymous_0)","decl":{"start":{"line":8,"column":22},"end":{"line":8,"column":23}},"loc":{"start":{"line":9,"column":4},"end":{"line":14,"column":10}},"line":9}},"branchMap":{},"s":{"0":1,"1":1},"f":{"0":1},"b":{},"_coverageSchema":"1a1c01bbd47fc00a2c39e90264f33305004495a9","hash":"ef29940f1b3ff38ec92a1aa0d98b75477133b1aa"}
,"C:\\Users\\d.balyaev\\Desktop\\dp-blog\\src\\07-shared\\ui\\PageLoader\\PageLoader.tsx": {"path":"C:\\Users\\d.balyaev\\Desktop\\dp-blog\\src\\07-shared\\ui\\PageLoader\\PageLoader.tsx","statementMap":{"0":{"start":{"line":8,"column":26},"end":{"line":20,"column":1}},"1":{"start":{"line":9,"column":4},"end":{"line":19,"column":10}}},"fnMap":{"0":{"name":"(anonymous_0)","decl":{"start":{"line":8,"column":26},"end":{"line":8,"column":27}},"loc":{"start":{"line":9,"column":4},"end":{"line":19,"column":10}},"line":9}},"branchMap":{},"s":{"0":1,"1":1},"f":{"0":1},"b":{},"_coverageSchema":"1a1c01bbd47fc00a2c39e90264f33305004495a9","hash":"d3a48cf9b4d0d5eb1870689615f141f1b55c60f6"}
,"C:\\Users\\d.balyaev\\Desktop\\dp-blog\\src\\07-shared\\ui\\Switch\\Switch.tsx": {"path":"C:\\Users\\d.balyaev\\Desktop\\dp-blog\\src\\07-shared\\ui\\Switch\\Switch.tsx","statementMap":{"0":{"start":{"line":10,"column":22},"end":{"line":31,"column":1}},"1":{"start":{"line":15,"column":20},"end":{"line":17,"column":5}},"2":{"start":{"line":16,"column":8},"end":{"line":16,"column":31}},"3":{"start":{"line":18,"column":4},"end":{"line":30,"column":6}}},"fnMap":{"0":{"name":"(anonymous_0)","decl":{"start":{"line":10,"column":22},"end":{"line":10,"column":23}},"loc":{"start":{"line":14,"column":19},"end":{"line":31,"column":1}},"line":14},"1":{"name":"(anonymous_1)","decl":{"start":{"line":15,"column":20},"end":{"line":15,"column":21}},"loc":{"start":{"line":15,"column":26},"end":{"line":17,"column":5}},"line":15}},"branchMap":{},"s":{"0":1,"1":3,"2":1,"3":3},"f":{"0":3,"1":1},"b":{},"_coverageSchema":"1a1c01bbd47fc00a2c39e90264f33305004495a9","hash":"ee1a2e05a48530a0887a5796df42cd755edbdebd"}
}
