{"C:\\Users\\d.balyaev\\Desktop\\dp-blog\\src\\07-shared\\lib\\classNames\\classNames.ts": {"path":"C:\\Users\\d.balyaev\\Desktop\\dp-blog\\src\\07-shared\\lib\\classNames\\classNames.ts","statementMap":{"0":{"start":{"line":4,"column":4},"end":{"line":11,"column":19}},"1":{"start":{"line":8,"column":36},"end":{"line":8,"column":50}},"2":{"start":{"line":9,"column":34},"end":{"line":9,"column":43}}},"fnMap":{"0":{"name":"classNames","decl":{"start":{"line":3,"column":16},"end":{"line":3,"column":26}},"loc":{"start":{"line":3,"column":92},"end":{"line":12,"column":1}},"line":3},"1":{"name":"(anonymous_1)","decl":{"start":{"line":8,"column":20},"end":{"line":8,"column":21}},"loc":{"start":{"line":8,"column":36},"end":{"line":8,"column":50}},"line":8},"2":{"name":"(anonymous_2)","decl":{"start":{"line":9,"column":17},"end":{"line":9,"column":18}},"loc":{"start":{"line":9,"column":34},"end":{"line":9,"column":43}},"line":9}},"branchMap":{"0":{"loc":{"start":{"line":3,"column":40},"end":{"line":3,"column":55}},"type":"default-arg","locations":[{"start":{"line":3,"column":53},"end":{"line":3,"column":55}}],"line":3},"1":{"loc":{"start":{"line":3,"column":57},"end":{"line":3,"column":82}},"type":"default-arg","locations":[{"start":{"line":3,"column":80},"end":{"line":3,"column":82}}],"line":3}},"s":{"0":6,"1":6,"2":4},"f":{"0":6,"1":6,"2":4},"b":{"0":[1],"1":[1]},"_coverageSchema":"1a1c01bbd47fc00a2c39e90264f33305004495a9","hash":"df6c4d2a3c67eaeb976be6bd22312c644b9a807a"}
,"C:\\Users\\d.balyaev\\Desktop\\dp-blog\\src\\07-shared\\ui\\Button\\Button.tsx": {"path":"C:\\Users\\d.balyaev\\Desktop\\dp-blog\\src\\07-shared\\ui\\Button\\Button.tsx","statementMap":{"0":{"start":{"line":12,"column":22},"end":{"line":25,"column":1}},"1":{"start":{"line":18,"column":4},"end":{"line":24,"column":13}}},"fnMap":{"0":{"name":"(anonymous_0)","decl":{"start":{"line":12,"column":22},"end":{"line":12,"column":23}},"loc":{"start":{"line":18,"column":4},"end":{"line":24,"column":13}},"line":18}},"branchMap":{},"s":{"0":1,"1":1},"f":{"0":1},"b":{},"_coverageSchema":"1a1c01bbd47fc00a2c39e90264f33305004495a9","hash":"152da59ced5339a249dd1f11f5116655c8a0d7c3"}
}
