TN:
SF:src\07-shared\lib\classNames\classNames.ts
FN:3,classNames
FN:8,(anonymous_1)
FN:9,(anonymous_2)
FNF:3
FNH:3
FNDA:20,classNames
FNDA:78,(anonymous_1)
FNDA:25,(anonymous_2)
DA:4,20
DA:8,78
DA:9,25
LF:3
LH:3
BRDA:3,0,0,1
BRDA:3,1,0,1
BRF:2
BRH:2
end_of_record
TN:
SF:src\07-shared\lib\testsHelpers\withMemoryRouter.tsx
FN:4,(anonymous_0)
FNF:1
FNH:1
FNDA:2,(anonymous_0)
DA:4,1
DA:5,2
LF:2
LH:2
BRF:0
BRH:0
end_of_record
TN:
SF:src\07-shared\ui\AppNavLink\AppNavLink.tsx
FN:11,(anonymous_0)
FN:23,(anonymous_1)
FNF:2
FNH:2
FNDA:2,(anonymous_0)
FNDA:2,(anonymous_1)
DA:11,1
DA:17,2
DA:19,2
DA:23,2
LF:4
LH:4
BRF:0
BRH:0
end_of_record
TN:
SF:src\07-shared\ui\Button\Button.tsx
FN:16,(anonymous_0)
FNF:1
FNH:1
FNDA:8,(anonymous_0)
DA:16,1
DA:26,8
LF:2
LH:2
BRDA:17,0,0,7
BRDA:18,1,0,4
BRDA:19,2,0,6
BRF:3
BRH:3
end_of_record
TN:
SF:src\07-shared\ui\Loader\Loader.tsx
FN:8,(anonymous_0)
FNF:1
FNH:1
FNDA:1,(anonymous_0)
DA:8,1
DA:9,1
LF:2
LH:2
BRF:0
BRH:0
end_of_record
TN:
SF:src\07-shared\ui\PageLoader\PageLoader.tsx
FN:8,(anonymous_0)
FNF:1
FNH:1
FNDA:1,(anonymous_0)
DA:8,1
DA:9,1
LF:2
LH:2
BRF:0
BRH:0
end_of_record
TN:
SF:src\07-shared\ui\Switch\Switch.tsx
FN:10,(anonymous_0)
FN:15,(anonymous_1)
FNF:2
FNH:2
FNDA:3,(anonymous_0)
FNDA:1,(anonymous_1)
DA:10,1
DA:15,3
DA:16,1
DA:18,3
LF:4
LH:4
BRF:0
BRH:0
end_of_record
